<?xml version="1.0" encoding="UTF-8"?>
<testng-results skipped="0" failed="0" ignored="0" total="1" passed="1">
  <reporter-output>
  </reporter-output>
  <suite name="Default suite" duration-ms="13385" started-at="2018-04-08T10:08:28Z" finished-at="2018-04-08T10:08:41Z">
    <groups>
    </groups>
    <test name="Default test" duration-ms="13385" started-at="2018-04-08T10:08:28Z" finished-at="2018-04-08T10:08:41Z">
      <class name="com.ram.com.ram.OneTest">
        <test-method status="PASS" signature="beforeMethod()[pri:0, instance:com.ram.com.ram.OneTest@195d2a2]" name="beforeMethod" is-config="true" duration-ms="8957" started-at="2018-04-08T15:38:28Z" finished-at="2018-04-08T15:38:37Z">
          <reporter-output>
          </reporter-output>
        </test-method> <!-- beforeMethod -->
        <test-method status="PASS" signature="f()[pri:0, instance:com.ram.com.ram.OneTest@195d2a2]" name="f" duration-ms="3918" started-at="2018-04-08T15:38:37Z" finished-at="2018-04-08T15:38:41Z">
          <reporter-output>
          </reporter-output>
        </test-method> <!-- f -->
        <test-method status="PASS" signature="afterMethod()[pri:0, instance:com.ram.com.ram.OneTest@195d2a2]" name="afterMethod" is-config="true" duration-ms="431" started-at="2018-04-08T15:38:41Z" finished-at="2018-04-08T15:38:41Z">
          <reporter-output>
          </reporter-output>
        </test-method> <!-- afterMethod -->
      </class> <!-- com.ram.com.ram.OneTest -->
    </test> <!-- Default test -->
  </suite> <!-- Default suite -->
</testng-results>
